This file contains any messages produced by compilers while
running configure, to aid debugging if configure makes a mistake.

It was created by configure, which was
generated by GNU Autoconf 2.63.  Invocation command line was

  $ ../configure --prefix=/home/minmar/projects/coma-v1/binaries/win32

## --------- ##
## Platform. ##
## --------- ##

hostname = mindam
uname -m = i686
uname -r = 1.5.25(0.156/4/2)
uname -s = CYGWIN_NT-5.1
uname -v = 2008-06-12 19:34

/usr/bin/uname -p = unknown
/bin/uname -X     = unknown

/bin/arch              = i686
/usr/bin/arch -k       = unknown
/usr/convex/getsysinfo = unknown
/usr/bin/hostinfo      = unknown
/bin/machine           = unknown
/usr/bin/oslevel       = unknown
/bin/universe          = unknown

PATH: /usr/local/bin
PATH: /usr/bin
PATH: /bin
PATH: /usr/X11R6/bin
PATH: /cygdrive/c/Program Files/MiKTeX 2.5/miktex/bin
PATH: /cygdrive/c/WINDOWS/system32
PATH: /cygdrive/c/WINDOWS
PATH: /cygdrive/c/WINDOWS/System32/Wbem
PATH: /cygdrive/c/Program Files/ATI Technologies/ATI Control Panel
PATH: /cygdrive/c/MATLAB7/bin/win32
PATH: /cygdrive/c/gs/gs8.50/bin
PATH: /cygdrive/c/gs/gs8.50/lib
PATH: /cygdrive/c/RasMol-2.7.1
PATH: /cygdrive/c/PDFSecureCmd/Bin
PATH: /cygdrive/c/Program Files/Common Files/Roxio Shared/DLLShared
PATH: /cygdrive/c/strawberry/c/bin
PATH: /cygdrive/c/strawberry/perl/bin
PATH: /cygdrive/c/Program Files/GnuWin32/bin
PATH: /cygdrive/c/Program Files/Common Files/Avid


## ----------- ##
## Core tests. ##
## ----------- ##

configure:2071: checking for a BSD-compatible install
configure:2139: result: /usr/bin/install -c
configure:2150: checking whether build environment is sane
configure:2193: result: yes
configure:2218: checking for a thread-safe mkdir -p
configure:2257: result: /usr/bin/mkdir -p
configure:2270: checking for gawk
configure:2286: found /usr/bin/gawk
configure:2297: result: gawk
configure:2308: checking whether make sets $(MAKE)
configure:2330: result: yes
configure:2579: checking for g++
configure:2595: found /usr/bin/g++
configure:2606: result: g++
configure:2633: checking for C++ compiler version
configure:2641: g++ --version >&5
g++ (GCC) 3.4.4 (cygming special, gdc 0.12, using dmd 0.125)
Copyright (C) 2004 Free Software Foundation, Inc.
This is free software; see the source for copying conditions.  There is NO
warranty; not even for MERCHANTABILITY or FITNESS FOR A PARTICULAR PURPOSE.

configure:2645: $? = 0
configure:2652: g++ -v >&5
Reading specs from /usr/lib/gcc/i686-pc-cygwin/3.4.4/specs
Configured with: /usr/build/package/orig/test.respin/gcc-3.4.4-3/configure --verbose --prefix=/usr --exec-prefix=/usr --sysconfdir=/etc --libdir=/usr/lib --libexecdir=/usr/lib --mandir=/usr/share/man --infodir=/usr/share/info --enable-languages=c,ada,c++,d,f77,pascal,java,objc --enable-nls --without-included-gettext --enable-version-specific-runtime-libs --without-x --enable-libgcj --disable-java-awt --with-system-zlib --enable-interpreter --disable-libgcj-debug --enable-threads=posix --enable-java-gc=boehm --disable-win32-registry --enable-sjlj-exceptions --enable-hash-synchronization --enable-libstdcxx-debug
Thread model: posix
gcc version 3.4.4 (cygming special, gdc 0.12, using dmd 0.125)
configure:2656: $? = 0
configure:2663: g++ -V >&5
g++: `-V' option must have argument
configure:2667: $? = 1
configure:2690: checking for C++ compiler default output file name
configure:2712: g++    conftest.cpp  >&5
configure:2716: $? = 0
configure:2754: result: a.exe
configure:2773: checking whether the C++ compiler works
configure:2783: ./a.exe
configure:2787: $? = 0
configure:2806: result: yes
configure:2813: checking whether we are cross compiling
configure:2815: result: no
configure:2818: checking for suffix of executables
configure:2825: g++ -o conftest.exe    conftest.cpp  >&5
configure:2829: $? = 0
configure:2855: result: .exe
configure:2861: checking for suffix of object files
configure:2887: g++ -c   conftest.cpp >&5
configure:2891: $? = 0
configure:2916: result: o
configure:2920: checking whether we are using the GNU C++ compiler
configure:2949: g++ -c   conftest.cpp >&5
configure:2956: $? = 0
configure:2973: result: yes
configure:2982: checking whether g++ accepts -g
configure:3012: g++ -c -g  conftest.cpp >&5
configure:3019: $? = 0
configure:3120: result: yes
configure:3154: checking for style of include used by make
configure:3182: result: GNU
configure:3207: checking dependency style of g++
configure:3298: result: gcc3
configure:3344: checking build system type
configure:3362: result: i686-pc-cygwin
configure:3384: checking host system type
configure:3399: result: i686-pc-cygwin
configure:3469: checking for gcc
configure:3485: found /usr/bin/gcc
configure:3496: result: gcc
configure:3728: checking for C compiler version
configure:3736: gcc --version >&5
gcc (GCC) 3.4.4 (cygming special, gdc 0.12, using dmd 0.125)
Copyright (C) 2004 Free Software Foundation, Inc.
This is free software; see the source for copying conditions.  There is NO
warranty; not even for MERCHANTABILITY or FITNESS FOR A PARTICULAR PURPOSE.

configure:3740: $? = 0
configure:3747: gcc -v >&5
Reading specs from /usr/lib/gcc/i686-pc-cygwin/3.4.4/specs
Configured with: /usr/build/package/orig/test.respin/gcc-3.4.4-3/configure --verbose --prefix=/usr --exec-prefix=/usr --sysconfdir=/etc --libdir=/usr/lib --libexecdir=/usr/lib --mandir=/usr/share/man --infodir=/usr/share/info --enable-languages=c,ada,c++,d,f77,pascal,java,objc --enable-nls --without-included-gettext --enable-version-specific-runtime-libs --without-x --enable-libgcj --disable-java-awt --with-system-zlib --enable-interpreter --disable-libgcj-debug --enable-threads=posix --enable-java-gc=boehm --disable-win32-registry --enable-sjlj-exceptions --enable-hash-synchronization --enable-libstdcxx-debug
Thread model: posix
gcc version 3.4.4 (cygming special, gdc 0.12, using dmd 0.125)
configure:3751: $? = 0
configure:3758: gcc -V >&5
gcc: `-V' option must have argument
configure:3762: $? = 1
configure:3765: checking whether we are using the GNU C compiler
configure:3794: gcc -c   conftest.c >&5
configure:3801: $? = 0
configure:3818: result: yes
configure:3827: checking whether gcc accepts -g
configure:3857: gcc -c -g  conftest.c >&5
configure:3864: $? = 0
configure:3965: result: yes
configure:3982: checking for gcc option to accept ISO C89
configure:4056: gcc  -c -g -O2  conftest.c >&5
configure:4063: $? = 0
configure:4086: result: none needed
configure:4106: checking dependency style of gcc
configure:4197: result: gcc3
configure:4212: checking for a sed that does not truncate output
configure:4278: result: /usr/bin/sed
configure:4296: checking for grep that handles long lines and -e
configure:4356: result: /usr/bin/grep
configure:4361: checking for egrep
configure:4425: result: /usr/bin/grep -E
configure:4430: checking for fgrep
configure:4494: result: /usr/bin/grep -F
configure:4529: checking for ld used by gcc
configure:4596: result: /usr/i686-pc-cygwin/bin/ld.exe
configure:4605: checking if the linker (/usr/i686-pc-cygwin/bin/ld.exe) is GNU ld
configure:4620: result: yes
configure:4632: checking for BSD- or MS-compatible name lister (nm)
configure:4681: result: /usr/bin/nm -B
configure:4799: checking the name lister (/usr/bin/nm -B) interface
configure:4806: g++ -c -g -O2  conftest.cpp >&5
configure:4809: /usr/bin/nm -B "conftest.o"
configure:4812: output
00000000 b .bss
00000000 d .data
00000000 N .stab
00000000 N .stabstr
00000000 t .text
00000000 B _some_variable
configure:4819: result: BSD nm
configure:4822: checking whether ln -s works
configure:4826: result: yes
configure:4834: checking the maximum length of command line arguments
configure:4954: result: 8192
configure:4971: checking whether the shell understands some XSI constructs
configure:4981: result: yes
configure:4985: checking whether the shell understands "+="
configure:4991: result: yes
configure:5026: checking for /usr/i686-pc-cygwin/bin/ld.exe option to reload object files
configure:5033: result: -r
configure:5102: checking for objdump
configure:5118: found /usr/bin/objdump
configure:5129: result: objdump
configure:5161: checking how to recognize dependent libraries
configure:5357: result: file_magic ^x86 archive import|^x86 DLL
configure:5417: checking for ar
configure:5433: found /usr/bin/ar
configure:5444: result: ar
configure:5522: checking for strip
configure:5538: found /usr/bin/strip
configure:5549: result: strip
configure:5621: checking for ranlib
configure:5637: found /usr/bin/ranlib
configure:5648: result: ranlib
configure:5738: checking command to parse /usr/bin/nm -B output from gcc object
configure:5856: g++ -c -g -O2  conftest.cpp >&5
configure:5859: $? = 0
configure:5863: /usr/bin/nm -B conftest.o \| sed -n -e 's/^.*[	 ]\([ABCDGIRSTW][ABCDGIRSTW]*\)[	 ][	 ]*\([_A-Za-z][_A-Za-z0-9]*\)$/\1 \2 \2/p' \> conftest.nm
configure:5866: $? = 0
cannot find nm_test_var in conftest.nm
configure:5856: g++ -c -g -O2  conftest.cpp >&5
configure:5859: $? = 0
configure:5863: /usr/bin/nm -B conftest.o \| sed -n -e 's/^.*[	 ]\([ABCDGIRSTW][ABCDGIRSTW]*\)[	 ][	 ]*_\([_A-Za-z][_A-Za-z0-9]*\)$/\1 _\2 \2/p' \> conftest.nm
configure:5866: $? = 0
configure:5920: g++ -o conftest.exe -g -O2   conftest.cpp conftstm.o >&5
configure:5923: $? = 0
configure:5961: result: ok
configure:6828: checking how to run the C preprocessor
configure:6868: gcc -E  conftest.c
configure:6875: $? = 0
configure:6906: gcc -E  conftest.c
conftest.c:10:28: ac_nonexistent.h: No such file or directory
configure:6913: $? = 1
configure: failed program was:
| /* confdefs.h.  */
| #define PACKAGE_NAME ""
| #define PACKAGE_TARNAME ""
| #define PACKAGE_VERSION ""
| #define PACKAGE_STRING ""
| #define PACKAGE_BUGREPORT ""
| #define PACKAGE "coma"
| #define VERSION "1.01"
| /* end confdefs.h.  */
| #include <ac_nonexistent.h>
configure:6946: result: gcc -E
configure:6975: gcc -E  conftest.c
configure:6982: $? = 0
configure:7013: gcc -E  conftest.c
conftest.c:10:28: ac_nonexistent.h: No such file or directory
configure:7020: $? = 1
configure: failed program was:
| /* confdefs.h.  */
| #define PACKAGE_NAME ""
| #define PACKAGE_TARNAME ""
| #define PACKAGE_VERSION ""
| #define PACKAGE_STRING ""
| #define PACKAGE_BUGREPORT ""
| #define PACKAGE "coma"
| #define VERSION "1.01"
| /* end confdefs.h.  */
| #include <ac_nonexistent.h>
configure:7060: checking for ANSI C header files
configure:7090: gcc -c -g -O2  conftest.c >&5
configure:7097: $? = 0
configure:7196: gcc -o conftest.exe -g -O2   conftest.c  >&5
configure:7200: $? = 0
configure:7206: ./conftest.exe
configure:7210: $? = 0
configure:7228: result: yes
configure:7252: checking for sys/types.h
configure:7273: gcc -c -g -O2  conftest.c >&5
configure:7280: $? = 0
configure:7297: result: yes
configure:7252: checking for sys/stat.h
configure:7273: gcc -c -g -O2  conftest.c >&5
configure:7280: $? = 0
configure:7297: result: yes
configure:7252: checking for stdlib.h
configure:7273: gcc -c -g -O2  conftest.c >&5
configure:7280: $? = 0
configure:7297: result: yes
configure:7252: checking for string.h
configure:7273: gcc -c -g -O2  conftest.c >&5
configure:7280: $? = 0
configure:7297: result: yes
configure:7252: checking for memory.h
configure:7273: gcc -c -g -O2  conftest.c >&5
configure:7280: $? = 0
configure:7297: result: yes
configure:7252: checking for strings.h
configure:7273: gcc -c -g -O2  conftest.c >&5
configure:7280: $? = 0
configure:7297: result: yes
configure:7252: checking for inttypes.h
configure:7273: gcc -c -g -O2  conftest.c >&5
configure:7280: $? = 0
configure:7297: result: yes
configure:7252: checking for stdint.h
configure:7273: gcc -c -g -O2  conftest.c >&5
configure:7280: $? = 0
configure:7297: result: yes
configure:7252: checking for unistd.h
configure:7273: gcc -c -g -O2  conftest.c >&5
configure:7280: $? = 0
configure:7297: result: yes
configure:7315: checking for dlfcn.h
configure:7336: gcc -c -g -O2  conftest.c >&5
configure:7343: $? = 0
configure:7360: result: yes
configure:7487: checking for C++ compiler version
configure:7495: g++ --version >&5
g++ (GCC) 3.4.4 (cygming special, gdc 0.12, using dmd 0.125)
Copyright (C) 2004 Free Software Foundation, Inc.
This is free software; see the source for copying conditions.  There is NO
warranty; not even for MERCHANTABILITY or FITNESS FOR A PARTICULAR PURPOSE.

configure:7499: $? = 0
configure:7506: g++ -v >&5
Reading specs from /usr/lib/gcc/i686-pc-cygwin/3.4.4/specs
Configured with: /usr/build/package/orig/test.respin/gcc-3.4.4-3/configure --verbose --prefix=/usr --exec-prefix=/usr --sysconfdir=/etc --libdir=/usr/lib --libexecdir=/usr/lib --mandir=/usr/share/man --infodir=/usr/share/info --enable-languages=c,ada,c++,d,f77,pascal,java,objc --enable-nls --without-included-gettext --enable-version-specific-runtime-libs --without-x --enable-libgcj --disable-java-awt --with-system-zlib --enable-interpreter --disable-libgcj-debug --enable-threads=posix --enable-java-gc=boehm --disable-win32-registry --enable-sjlj-exceptions --enable-hash-synchronization --enable-libstdcxx-debug
Thread model: posix
gcc version 3.4.4 (cygming special, gdc 0.12, using dmd 0.125)
configure:7510: $? = 0
configure:7517: g++ -V >&5
g++: `-V' option must have argument
configure:7521: $? = 1
configure:7524: checking whether we are using the GNU C++ compiler
configure:7577: result: yes
configure:7586: checking whether g++ accepts -g
configure:7724: result: yes
configure:7749: checking dependency style of g++
configure:7840: result: gcc3
configure:7863: checking how to run the C++ preprocessor
configure:7899: g++ -E  conftest.cpp
configure:7906: $? = 0
configure:7937: g++ -E  conftest.cpp
conftest.cpp:21:28: ac_nonexistent.h: No such file or directory
configure:7944: $? = 1
configure: failed program was:
| /* confdefs.h.  */
| #define PACKAGE_NAME ""
| #define PACKAGE_TARNAME ""
| #define PACKAGE_VERSION ""
| #define PACKAGE_STRING ""
| #define PACKAGE_BUGREPORT ""
| #define PACKAGE "coma"
| #define VERSION "1.01"
| #define STDC_HEADERS 1
| #define HAVE_SYS_TYPES_H 1
| #define HAVE_SYS_STAT_H 1
| #define HAVE_STDLIB_H 1
| #define HAVE_STRING_H 1
| #define HAVE_MEMORY_H 1
| #define HAVE_STRINGS_H 1
| #define HAVE_INTTYPES_H 1
| #define HAVE_STDINT_H 1
| #define HAVE_UNISTD_H 1
| #define HAVE_DLFCN_H 1
| /* end confdefs.h.  */
| #include <ac_nonexistent.h>
configure:7977: result: g++ -E
configure:8006: g++ -E  conftest.cpp
configure:8013: $? = 0
configure:8044: g++ -E  conftest.cpp
conftest.cpp:21:28: ac_nonexistent.h: No such file or directory
configure:8051: $? = 1
configure: failed program was:
| /* confdefs.h.  */
| #define PACKAGE_NAME ""
| #define PACKAGE_TARNAME ""
| #define PACKAGE_VERSION ""
| #define PACKAGE_STRING ""
| #define PACKAGE_BUGREPORT ""
| #define PACKAGE "coma"
| #define VERSION "1.01"
| #define STDC_HEADERS 1
| #define HAVE_SYS_TYPES_H 1
| #define HAVE_SYS_STAT_H 1
| #define HAVE_STDLIB_H 1
| #define HAVE_STRING_H 1
| #define HAVE_MEMORY_H 1
| #define HAVE_STRINGS_H 1
| #define HAVE_INTTYPES_H 1
| #define HAVE_STDINT_H 1
| #define HAVE_UNISTD_H 1
| #define HAVE_DLFCN_H 1
| /* end confdefs.h.  */
| #include <ac_nonexistent.h>
configure:8265: checking for objdir
configure:8280: result: .libs
configure:8572: checking if gcc supports -fno-rtti -fno-exceptions
configure:8590: gcc -c -g -O2  -fno-rtti -fno-exceptions conftest.c >&5
cc1: warning: command line option "-fno-rtti" is valid for C++/ObjC++ but not for C
configure:8594: $? = 0
configure:8607: result: no
configure:8627: checking for gcc option to produce PIC
configure:8899: result: -DDLL_EXPORT -DPIC
configure:8911: checking if gcc PIC flag -DDLL_EXPORT -DPIC works
configure:8929: gcc -c -g -O2  -DDLL_EXPORT -DPIC -DPIC conftest.c >&5
configure:8933: $? = 0
configure:8946: result: yes
configure:8970: checking if gcc static flag -static works
configure:8998: result: yes
configure:9013: checking if gcc supports -c -o file.o
configure:9034: gcc -c -g -O2  -o out/conftest2.o conftest.c >&5
configure:9038: $? = 0
configure:9060: result: yes
configure:9068: checking if gcc supports -c -o file.o
configure:9115: result: yes
configure:9148: checking whether the gcc linker (/usr/i686-pc-cygwin/bin/ld.exe) supports shared libraries
configure:10223: result: yes
configure:10260: checking whether -lc should be explicitly linked in
configure:10265: gcc -c -g -O2  conftest.c >&5
configure:10268: $? = 0
configure:10283: gcc -shared conftest.o  -v -o ./conftest -Wl,--enable-auto-image-base -Xlinker --out-implib -Xlinker conftest 2\>\&1 \| /usr/bin/grep  -lc  \>/dev/null 2\>\&1
configure:10286: $? = 1
configure:10298: result: yes
configure:10462: checking dynamic linker characteristics
configure:11145: result: Win32 ld.exe
configure:11247: checking how to hardcode library paths into programs
configure:11272: result: immediate
configure:12105: checking whether stripping libraries is possible
configure:12110: result: yes
configure:12145: checking if libtool supports shared libraries
configure:12147: result: yes
configure:12150: checking whether to build shared libraries
configure:12171: result: yes
configure:12174: checking whether to build static libraries
configure:12178: result: yes
configure:12328: checking for ld used by g++
configure:12395: result: /usr/i686-pc-cygwin/bin/ld.exe
configure:12404: checking if the linker (/usr/i686-pc-cygwin/bin/ld.exe) is GNU ld
configure:12419: result: yes
configure:12474: checking whether the g++ linker (/usr/i686-pc-cygwin/bin/ld.exe) supports shared libraries
configure:13449: result: yes
configure:13477: g++ -c -g -O2  conftest.cpp >&5
configure:13480: $? = 0
configure:13662: checking for g++ option to produce PIC
configure:13979: result: -DDLL_EXPORT -DPIC
configure:13988: checking if g++ PIC flag -DDLL_EXPORT -DPIC works
configure:14006: g++ -c -g -O2  -DDLL_EXPORT -DPIC -DPIC conftest.cpp >&5
configure:14010: $? = 0
configure:14023: result: yes
configure:14044: checking if g++ static flag -static works
configure:14072: result: yes
configure:14084: checking if g++ supports -c -o file.o
configure:14105: g++ -c -g -O2  -o out/conftest2.o conftest.cpp >&5
configure:14109: $? = 0
configure:14131: result: yes
configure:14136: checking if g++ supports -c -o file.o
configure:14183: result: yes
configure:14213: checking whether the g++ linker (/usr/i686-pc-cygwin/bin/ld.exe) supports shared libraries
configure:14240: result: yes
configure:14377: checking dynamic linker characteristics
configure:15008: result: Win32 ld.exe
configure:15059: checking how to hardcode library paths into programs
configure:15084: result: immediate
configure:15143: creating ./config.lt

## ------------------ ##
## Running config.lt. ##
## ------------------ ##
config.lt:623: creating libtool
configure:16843: creating ./config.status

## ---------------------- ##
## Running config.status. ##
## ---------------------- ##

This file was extended by config.status, which was
generated by GNU Autoconf 2.63.  Invocation command line was

  CONFIG_FILES    = 
  CONFIG_HEADERS  = 
  CONFIG_LINKS    = 
  CONFIG_COMMANDS = 
  $ ./config.status 

on mindam

config.status:1080: creating Makefile
config.status:1080: creating src/Makefile
config.status:1080: creating src/blast2fa/Makefile
config.status:1080: creating src/coma/Makefile
config.status:1080: creating src/env/Makefile
config.status:1080: creating src/library/Makefile
config.status:1080: creating src/lmpi/Makefile
config.status:1080: creating src/makedb/Makefile
config.status:1080: creating src/makepro/Makefile
config.status:1080: creating src/mpiscaler/Makefile
config.status:1080: creating src/pcluster/Makefile
config.status:1080: creating src/proview/Makefile
config.status:1080: creating src/pscores/Makefile
config.status:1080: creating src/pshuffler/Makefile
config.status:1080: creating src/segpro/Makefile
config.status:1080: creating src/simal/Makefile
config.status:1080: creating config.h
config.status:1295: config.h is unchanged
config.status:1347: executing depfiles commands
config.status:1347: executing libtool commands

## ---------------- ##
## Cache variables. ##
## ---------------- ##

ac_cv_build=i686-pc-cygwin
ac_cv_c_compiler_gnu=yes
ac_cv_cxx_compiler_gnu=yes
ac_cv_env_CCC_set=
ac_cv_env_CCC_value=
ac_cv_env_CC_set=
ac_cv_env_CC_value=
ac_cv_env_CFLAGS_set=
ac_cv_env_CFLAGS_value=
ac_cv_env_CPPFLAGS_set=
ac_cv_env_CPPFLAGS_value=
ac_cv_env_CPP_set=
ac_cv_env_CPP_value=
ac_cv_env_CXXCPP_set=
ac_cv_env_CXXCPP_value=
ac_cv_env_CXXFLAGS_set=
ac_cv_env_CXXFLAGS_value=
ac_cv_env_CXX_set=
ac_cv_env_CXX_value=
ac_cv_env_LDFLAGS_set=
ac_cv_env_LDFLAGS_value=
ac_cv_env_LIBS_set=
ac_cv_env_LIBS_value=
ac_cv_env_build_alias_set=
ac_cv_env_build_alias_value=
ac_cv_env_host_alias_set=
ac_cv_env_host_alias_value=
ac_cv_env_target_alias_set=
ac_cv_env_target_alias_value=
ac_cv_exeext=.exe
ac_cv_header_dlfcn_h=yes
ac_cv_header_inttypes_h=yes
ac_cv_header_memory_h=yes
ac_cv_header_stdc=yes
ac_cv_header_stdint_h=yes
ac_cv_header_stdlib_h=yes
ac_cv_header_string_h=yes
ac_cv_header_strings_h=yes
ac_cv_header_sys_stat_h=yes
ac_cv_header_sys_types_h=yes
ac_cv_header_unistd_h=yes
ac_cv_host=i686-pc-cygwin
ac_cv_objext=o
ac_cv_path_EGREP='/usr/bin/grep -E'
ac_cv_path_FGREP='/usr/bin/grep -F'
ac_cv_path_GREP=/usr/bin/grep
ac_cv_path_SED=/usr/bin/sed
ac_cv_path_install='/usr/bin/install -c'
ac_cv_path_mkdir=/usr/bin/mkdir
ac_cv_prog_AWK=gawk
ac_cv_prog_CPP='gcc -E'
ac_cv_prog_CXXCPP='g++ -E'
ac_cv_prog_ac_ct_AR=ar
ac_cv_prog_ac_ct_CC=gcc
ac_cv_prog_ac_ct_CXX=g++
ac_cv_prog_ac_ct_OBJDUMP=objdump
ac_cv_prog_ac_ct_RANLIB=ranlib
ac_cv_prog_ac_ct_STRIP=strip
ac_cv_prog_cc_c89=
ac_cv_prog_cc_g=yes
ac_cv_prog_cxx_g=yes
ac_cv_prog_make_make_set=yes
am_cv_CC_dependencies_compiler_type=gcc3
am_cv_CXX_dependencies_compiler_type=gcc3
lt_cv_deplibs_check_method='file_magic ^x86 archive import|^x86 DLL'
lt_cv_file_magic_cmd=func_win32_libid
lt_cv_file_magic_test_file=
lt_cv_ld_reload_flag=-r
lt_cv_nm_interface='BSD nm'
lt_cv_objdir=.libs
lt_cv_path_LD=/usr/i686-pc-cygwin/bin/ld.exe
lt_cv_path_LDCXX=/usr/i686-pc-cygwin/bin/ld.exe
lt_cv_path_NM='/usr/bin/nm -B'
lt_cv_prog_compiler_c_o=yes
lt_cv_prog_compiler_c_o_CXX=yes
lt_cv_prog_compiler_pic_works=yes
lt_cv_prog_compiler_pic_works_CXX=yes
lt_cv_prog_compiler_rtti_exceptions=no
lt_cv_prog_compiler_static_works=yes
lt_cv_prog_compiler_static_works_CXX=yes
lt_cv_prog_gnu_ld=yes
lt_cv_prog_gnu_ldcxx=yes
lt_cv_sys_global_symbol_pipe='sed -n -e '\''s/^.*[	 ]\([ABCDGIRSTW][ABCDGIRSTW]*\)[	 ][	 ]*_\([_A-Za-z][_A-Za-z0-9]*\)$/\1 _\2 \2/p'\'''
lt_cv_sys_global_symbol_to_c_name_address='sed -n -e '\''s/^: \([^ ]*\) $/  {\"\1\", (void *) 0},/p'\'' -e '\''s/^[ABCDGIRSTW]* \([^ ]*\) \([^ ]*\)$/  {"\2", (void *) \&\2},/p'\'''
lt_cv_sys_global_symbol_to_c_name_address_lib_prefix='sed -n -e '\''s/^: \([^ ]*\) $/  {\"\1\", (void *) 0},/p'\'' -e '\''s/^[ABCDGIRSTW]* \([^ ]*\) \(lib[^ ]*\)$/  {"\2", (void *) \&\2},/p'\'' -e '\''s/^[ABCDGIRSTW]* \([^ ]*\) \([^ ]*\)$/  {"lib\2", (void *) \&\2},/p'\'''
lt_cv_sys_global_symbol_to_cdecl='sed -n -e '\''s/^T .* \(.*\)$/extern int \1();/p'\'' -e '\''s/^[ABCDGIRSTW]* .* \(.*\)$/extern char \1;/p'\'''
lt_cv_sys_max_cmd_len=8192

## ----------------- ##
## Output variables. ##
## ----------------- ##

ACLOCAL='${SHELL} /home/minmar/projects/coma-v1/missing --run aclocal-1.10'
AMDEPBACKSLASH='\'
AMDEP_FALSE='#'
AMDEP_TRUE=''
AMTAR='${SHELL} /home/minmar/projects/coma-v1/missing --run tar'
AR='ar'
AUTOCONF='${SHELL} /home/minmar/projects/coma-v1/missing --run autoconf'
AUTOHEADER='${SHELL} /home/minmar/projects/coma-v1/missing --run autoheader'
AUTOMAKE='${SHELL} /home/minmar/projects/coma-v1/missing --run automake-1.10'
AWK='gawk'
CC='gcc'
CCDEPMODE='depmode=gcc3'
CFLAGS='-g -O2'
COND_MPI_FALSE=''
COND_MPI_TRUE='#'
CPP='gcc -E'
CPPFLAGS=''
CXX='g++'
CXXCPP='g++ -E'
CXXDEPMODE='depmode=gcc3'
CXXFLAGS='-g -O2'
CYGPATH_W='cygpath -w'
DEFS='-DHAVE_CONFIG_H'
DEPDIR='.deps'
DSYMUTIL=''
DUMPBIN=''
ECHO_C=''
ECHO_N='-n'
ECHO_T=''
EGREP='/usr/bin/grep -E'
EXEEXT='.exe'
FGREP='/usr/bin/grep -F'
GREP='/usr/bin/grep'
INSTALL_DATA='${INSTALL} -m 644'
INSTALL_PROGRAM='${INSTALL}'
INSTALL_SCRIPT='${INSTALL}'
INSTALL_STRIP_PROGRAM='$(install_sh) -c -s'
LD='/usr/i686-pc-cygwin/bin/ld.exe'
LDFLAGS=''
LIBOBJS=''
LIBS=''
LIBTOOL='$(SHELL) $(top_builddir)/libtool'
LIPO=''
LN_S='ln -s'
LTLIBOBJS=''
MAKEINFO='${SHELL} /home/minmar/projects/coma-v1/missing --run makeinfo'
MKDIR_P='/usr/bin/mkdir -p'
NM='/usr/bin/nm -B'
NMEDIT=''
OBJDUMP='objdump'
OBJEXT='o'
OTOOL64=''
OTOOL=''
PACKAGE='coma'
PACKAGE_BUGREPORT=''
PACKAGE_NAME=''
PACKAGE_STRING=''
PACKAGE_TARNAME=''
PACKAGE_VERSION=''
PATH_SEPARATOR=':'
RANLIB='ranlib'
SED='/usr/bin/sed'
SET_MAKE=''
SHELL='/bin/sh'
STRIP='strip'
VERSION='1.01'
ac_ct_CC='gcc'
ac_ct_CXX='g++'
ac_ct_DUMPBIN=''
am__fastdepCC_FALSE='#'
am__fastdepCC_TRUE=''
am__fastdepCXX_FALSE='#'
am__fastdepCXX_TRUE=''
am__include='include'
am__isrc=' -I$(srcdir)'
am__leading_dot='.'
am__quote=''
am__tar='${AMTAR} chof - "$$tardir"'
am__untar='${AMTAR} xf -'
bindir='${exec_prefix}/bin'
build='i686-pc-cygwin'
build_alias=''
build_cpu='i686'
build_os='cygwin'
build_vendor='pc'
datadir='${datarootdir}'
datarootdir='${prefix}/share'
docdir='${datarootdir}/doc/${PACKAGE}'
dvidir='${docdir}'
exec_prefix='${prefix}'
host='i686-pc-cygwin'
host_alias=''
host_cpu='i686'
host_os='cygwin'
host_vendor='pc'
htmldir='${docdir}'
includedir='${prefix}/include'
infodir='${datarootdir}/info'
install_sh='$(SHELL) /home/minmar/projects/coma-v1/install-sh'
libdir='${exec_prefix}/lib'
libexecdir='${exec_prefix}/libexec'
localedir='${datarootdir}/locale'
localstatedir='${prefix}/var'
lt_ECHO='echo'
mandir='${datarootdir}/man'
mkdir_p='/usr/bin/mkdir -p'
oldincludedir='/usr/include'
pdfdir='${docdir}'
prefix='/home/minmar/projects/coma-v1/binaries/win32'
program_transform_name='s,x,x,'
psdir='${docdir}'
sbindir='${exec_prefix}/sbin'
sharedstatedir='${prefix}/com'
sysconfdir='${prefix}/etc'
target_alias=''

## ----------- ##
## confdefs.h. ##
## ----------- ##

#define PACKAGE_NAME ""
#define PACKAGE_TARNAME ""
#define PACKAGE_VERSION ""
#define PACKAGE_STRING ""
#define PACKAGE_BUGREPORT ""
#define PACKAGE "coma"
#define VERSION "1.01"
#define STDC_HEADERS 1
#define HAVE_SYS_TYPES_H 1
#define HAVE_SYS_STAT_H 1
#define HAVE_STDLIB_H 1
#define HAVE_STRING_H 1
#define HAVE_MEMORY_H 1
#define HAVE_STRINGS_H 1
#define HAVE_INTTYPES_H 1
#define HAVE_STDINT_H 1
#define HAVE_UNISTD_H 1
#define HAVE_DLFCN_H 1
#define LT_OBJDIR ".libs/"

configure: exit 0
